<?xml version="1.0" encoding="UTF-8"?>
<!-- Generated by org.testng.reporters.JUnitReportReporter -->
<testsuite hostname="SUCSekhar98" failures="0" tests="2" name="UmaSangada.Tests.ModifiedE2e" time="13.485" errors="0" timestamp="2024-08-10T09:59:55 IST" skipped="0">
  <testcase classname="UmaSangada.Tests.ModifiedE2e" name="submitorder" time="6.380"/>
  <testcase classname="UmaSangada.Tests.ModifiedE2e" name="submitorder" time="7.105"/>
</testsuite> <!-- UmaSangada.Tests.ModifiedE2e -->
