<?xml version="1.0" encoding="UTF-8"?>
<!-- Generated by org.testng.reporters.JUnitReportReporter -->
<testsuite hostname="SUCSekhar98" failures="0" tests="4" name="UmaSangada.Tests.ModifiedE2e" time="21.440" errors="0" timestamp="2024-08-10T11:03:36 IST" skipped="0">
  <testcase classname="UmaSangada.Tests.ModifiedE2e" name="submitorder" time="8.247"/>
  <testcase classname="UmaSangada.Tests.ModifiedE2e" name="submitorder" time="6.985"/>
  <testcase classname="UmaSangada.Tests.ModifiedE2e" name="orderhistory" time="3.447"/>
  <testcase classname="UmaSangada.Tests.ModifiedE2e" name="orderhistory" time="2.761"/>
</testsuite> <!-- UmaSangada.Tests.ModifiedE2e -->
